{"C:\\Users\\injin\\Desktop\\Ynov-CI-M1\\src\\services\\compute.js": {"path":"C:\\Users\\injin\\Desktop\\Ynov-CI-M1\\src\\services\\compute.js","statementMap":{"0":{"start":{"line":1,"column":12},"end":{"line":1,"column":53}},"1":{"start":{"line":1,"column":25},"end":{"line":1,"column":53}},"2":{"start":{"line":1,"column":47},"end":{"line":1,"column":52}},"3":{"start":{"line":2,"column":17},"end":{"line":2,"column":58}},"4":{"start":{"line":2,"column":30},"end":{"line":2,"column":58}},"5":{"start":{"line":2,"column":52},"end":{"line":2,"column":57}},"6":{"start":{"line":3,"column":17},"end":{"line":3,"column":58}},"7":{"start":{"line":3,"column":30},"end":{"line":3,"column":58}},"8":{"start":{"line":3,"column":52},"end":{"line":3,"column":57}},"9":{"start":{"line":4,"column":15},"end":{"line":4,"column":56}},"10":{"start":{"line":4,"column":28},"end":{"line":4,"column":56}},"11":{"start":{"line":4,"column":50},"end":{"line":4,"column":55}},"12":{"start":{"line":6,"column":23},"end":{"line":11,"column":1}}},"fnMap":{"0":{"name":"(anonymous_0)","decl":{"start":{"line":1,"column":12},"end":{"line":1,"column":13}},"loc":{"start":{"line":1,"column":25},"end":{"line":1,"column":53}},"line":1},"1":{"name":"(anonymous_1)","decl":{"start":{"line":1,"column":37},"end":{"line":1,"column":38}},"loc":{"start":{"line":1,"column":47},"end":{"line":1,"column":52}},"line":1},"2":{"name":"(anonymous_2)","decl":{"start":{"line":2,"column":17},"end":{"line":2,"column":18}},"loc":{"start":{"line":2,"column":30},"end":{"line":2,"column":58}},"line":2},"3":{"name":"(anonymous_3)","decl":{"start":{"line":2,"column":42},"end":{"line":2,"column":43}},"loc":{"start":{"line":2,"column":52},"end":{"line":2,"column":57}},"line":2},"4":{"name":"(anonymous_4)","decl":{"start":{"line":3,"column":17},"end":{"line":3,"column":18}},"loc":{"start":{"line":3,"column":30},"end":{"line":3,"column":58}},"line":3},"5":{"name":"(anonymous_5)","decl":{"start":{"line":3,"column":42},"end":{"line":3,"column":43}},"loc":{"start":{"line":3,"column":52},"end":{"line":3,"column":57}},"line":3},"6":{"name":"(anonymous_6)","decl":{"start":{"line":4,"column":15},"end":{"line":4,"column":16}},"loc":{"start":{"line":4,"column":28},"end":{"line":4,"column":56}},"line":4},"7":{"name":"(anonymous_7)","decl":{"start":{"line":4,"column":40},"end":{"line":4,"column":41}},"loc":{"start":{"line":4,"column":50},"end":{"line":4,"column":55}},"line":4}},"branchMap":{},"s":{"0":1,"1":2,"2":3,"3":1,"4":1,"5":1,"6":1,"7":0,"8":0,"9":1,"10":0,"11":0,"12":1},"f":{"0":2,"1":3,"2":1,"3":1,"4":0,"5":0,"6":0,"7":0},"b":{},"_coverageSchema":"1a1c01bbd47fc00a2c39e90264f33305004495a9","hash":"f03a372d991724a1d3e5138810ab0caca551ac54"}
}
